<?xml version="1.0" encoding="UTF-8"?>
<robot generator="Robot 6.1.1 (Python 3.13.0 on win32)" generated="20241118 15:29:45.832" rpa="false" schemaversion="4">
<suite id="s1" name="Tests" source="C:\kurssit\ohtu\ohtupalautus\osa3\login-robot\src\tests">
<suite id="s1-s1" name="Login" source="C:\kurssit\ohtu\ohtupalautus\osa3\login-robot\src\tests\login.robot">
<test id="s1-s1-t1" name="Login With Correct Credentials" line="6">
<kw name="Create User And Input Login Command" type="SETUP">
<kw name="Create User" library="AppLibrary">
<arg>kalle</arg>
<arg>kalle123</arg>
<status status="PASS" starttime="20241118 15:29:45.875" endtime="20241118 15:29:45.876"/>
</kw>
<kw name="Input Login Command" library="resource">
<kw name="Input" library="AppLibrary">
<arg>login</arg>
<status status="PASS" starttime="20241118 15:29:45.877" endtime="20241118 15:29:45.877"/>
</kw>
<status status="PASS" starttime="20241118 15:29:45.876" endtime="20241118 15:29:45.877"/>
</kw>
<status status="PASS" starttime="20241118 15:29:45.874" endtime="20241118 15:29:45.877"/>
</kw>
<kw name="Input Credentials" library="resource">
<arg>kalle</arg>
<arg>kalle123</arg>
<kw name="Input" library="AppLibrary">
<arg>${username}</arg>
<status status="PASS" starttime="20241118 15:29:45.877" endtime="20241118 15:29:45.877"/>
</kw>
<kw name="Input" library="AppLibrary">
<arg>${password}</arg>
<status status="PASS" starttime="20241118 15:29:45.878" endtime="20241118 15:29:45.878"/>
</kw>
<kw name="Run Application" library="AppLibrary">
<status status="PASS" starttime="20241118 15:29:45.878" endtime="20241118 15:29:45.878"/>
</kw>
<status status="PASS" starttime="20241118 15:29:45.877" endtime="20241118 15:29:45.878"/>
</kw>
<kw name="Output Should Contain" library="AppLibrary">
<arg>Logged in</arg>
<status status="PASS" starttime="20241118 15:29:45.878" endtime="20241118 15:29:45.878"/>
</kw>
<status status="PASS" starttime="20241118 15:29:45.873" endtime="20241118 15:29:45.878"/>
</test>
<test id="s1-s1-t2" name="Login With Incorrect Password" line="10">
<kw name="Create User And Input Login Command" type="SETUP">
<kw name="Create User" library="AppLibrary">
<arg>kalle</arg>
<arg>kalle123</arg>
<status status="PASS" starttime="20241118 15:29:45.880" endtime="20241118 15:29:45.881"/>
</kw>
<kw name="Input Login Command" library="resource">
<kw name="Input" library="AppLibrary">
<arg>login</arg>
<status status="PASS" starttime="20241118 15:29:45.881" endtime="20241118 15:29:45.881"/>
</kw>
<status status="PASS" starttime="20241118 15:29:45.881" endtime="20241118 15:29:45.881"/>
</kw>
<status status="PASS" starttime="20241118 15:29:45.880" endtime="20241118 15:29:45.881"/>
</kw>
<kw name="Input Credentials" library="resource">
<arg>kalle</arg>
<arg>wrong</arg>
<kw name="Input" library="AppLibrary">
<arg>${username}</arg>
<status status="PASS" starttime="20241118 15:29:45.882" endtime="20241118 15:29:45.882"/>
</kw>
<kw name="Input" library="AppLibrary">
<arg>${password}</arg>
<status status="PASS" starttime="20241118 15:29:45.882" endtime="20241118 15:29:45.882"/>
</kw>
<kw name="Run Application" library="AppLibrary">
<status status="PASS" starttime="20241118 15:29:45.882" endtime="20241118 15:29:45.882"/>
</kw>
<status status="PASS" starttime="20241118 15:29:45.882" endtime="20241118 15:29:45.883"/>
</kw>
<kw name="Output Should Contain" library="AppLibrary">
<arg>Invalid username or password</arg>
<status status="PASS" starttime="20241118 15:29:45.887" endtime="20241118 15:29:45.887"/>
</kw>
<status status="PASS" starttime="20241118 15:29:45.880" endtime="20241118 15:29:45.888"/>
</test>
<test id="s1-s1-t3" name="Login With Nonexistent Username" line="14">
<kw name="Create User And Input Login Command" type="SETUP">
<kw name="Create User" library="AppLibrary">
<arg>kalle</arg>
<arg>kalle123</arg>
<status status="PASS" starttime="20241118 15:29:45.891" endtime="20241118 15:29:45.892"/>
</kw>
<kw name="Input Login Command" library="resource">
<kw name="Input" library="AppLibrary">
<arg>login</arg>
<status status="PASS" starttime="20241118 15:29:45.892" endtime="20241118 15:29:45.893"/>
</kw>
<status status="PASS" starttime="20241118 15:29:45.892" endtime="20241118 15:29:45.893"/>
</kw>
<status status="PASS" starttime="20241118 15:29:45.891" endtime="20241118 15:29:45.893"/>
</kw>
<kw name="Input Credentials" library="resource">
<arg>ville</arg>
<arg>kalle123</arg>
<kw name="Input" library="AppLibrary">
<arg>${username}</arg>
<status status="PASS" starttime="20241118 15:29:45.893" endtime="20241118 15:29:45.893"/>
</kw>
<kw name="Input" library="AppLibrary">
<arg>${password}</arg>
<status status="PASS" starttime="20241118 15:29:45.894" endtime="20241118 15:29:45.894"/>
</kw>
<kw name="Run Application" library="AppLibrary">
<status status="PASS" starttime="20241118 15:29:45.894" endtime="20241118 15:29:45.894"/>
</kw>
<status status="PASS" starttime="20241118 15:29:45.893" endtime="20241118 15:29:45.894"/>
</kw>
<kw name="Output Should Contain" library="AppLibrary">
<arg>Invalid username or password</arg>
<status status="PASS" starttime="20241118 15:29:45.894" endtime="20241118 15:29:45.894"/>
</kw>
<status status="PASS" starttime="20241118 15:29:45.891" endtime="20241118 15:29:45.894"/>
</test>
<status status="PASS" starttime="20241118 15:29:45.861" endtime="20241118 15:29:45.896"/>
</suite>
<status status="PASS" starttime="20241118 15:29:45.833" endtime="20241118 15:29:45.897"/>
</suite>
<statistics>
<total>
<stat pass="3" fail="0" skip="0">All Tests</stat>
</total>
<tag>
</tag>
<suite>
<stat pass="3" fail="0" skip="0" id="s1" name="Tests">Tests</stat>
<stat pass="3" fail="0" skip="0" id="s1-s1" name="Login">Tests.Login</stat>
</suite>
</statistics>
<errors>
</errors>
</robot>
