<?xml version="1.0" encoding="UTF-8"?>
<robot generator="Robot 6.1.1 (Python 3.11.9 on win32)" generated="20241121 15:12:32.051" rpa="false" schemaversion="4">
<suite id="s1" name="Tests" source="C:\kurssit\ohtu\ohtupalautus\osa3\login-robot\src\tests">
<suite id="s1-s1" name="Login" source="C:\kurssit\ohtu\ohtupalautus\osa3\login-robot\src\tests\login.robot">
<test id="s1-s1-t1" name="Login With Correct Credentials" line="6">
<kw name="Create User And Input Login Command" type="SETUP">
<kw name="Create User" library="AppLibrary">
<arg>kalle</arg>
<arg>kalle123</arg>
<status status="PASS" starttime="20241121 15:12:32.101" endtime="20241121 15:12:32.104"/>
</kw>
<kw name="Input Login Command" library="resource">
<kw name="Input" library="AppLibrary">
<arg>login</arg>
<status status="PASS" starttime="20241121 15:12:32.104" endtime="20241121 15:12:32.104"/>
</kw>
<status status="PASS" starttime="20241121 15:12:32.104" endtime="20241121 15:12:32.104"/>
</kw>
<status status="PASS" starttime="20241121 15:12:32.101" endtime="20241121 15:12:32.104"/>
</kw>
<kw name="Input Credentials" library="resource">
<arg>kalle</arg>
<arg>kalle123</arg>
<kw name="Input" library="AppLibrary">
<arg>${username}</arg>
<status status="PASS" starttime="20241121 15:12:32.106" endtime="20241121 15:12:32.106"/>
</kw>
<kw name="Input" library="AppLibrary">
<arg>${password}</arg>
<status status="PASS" starttime="20241121 15:12:32.106" endtime="20241121 15:12:32.107"/>
</kw>
<kw name="Run Application" library="AppLibrary">
<status status="PASS" starttime="20241121 15:12:32.107" endtime="20241121 15:12:32.107"/>
</kw>
<status status="PASS" starttime="20241121 15:12:32.105" endtime="20241121 15:12:32.107"/>
</kw>
<kw name="Output Should Contain" library="AppLibrary">
<arg>Logged in</arg>
<status status="PASS" starttime="20241121 15:12:32.109" endtime="20241121 15:12:32.109"/>
</kw>
<status status="PASS" starttime="20241121 15:12:32.101" endtime="20241121 15:12:32.109"/>
</test>
<test id="s1-s1-t2" name="Login With Incorrect Password" line="10">
<kw name="Create User And Input Login Command" type="SETUP">
<kw name="Create User" library="AppLibrary">
<arg>kalle</arg>
<arg>kalle123</arg>
<status status="PASS" starttime="20241121 15:12:32.111" endtime="20241121 15:12:32.111"/>
</kw>
<kw name="Input Login Command" library="resource">
<kw name="Input" library="AppLibrary">
<arg>login</arg>
<status status="PASS" starttime="20241121 15:12:32.111" endtime="20241121 15:12:32.111"/>
</kw>
<status status="PASS" starttime="20241121 15:12:32.111" endtime="20241121 15:12:32.111"/>
</kw>
<status status="PASS" starttime="20241121 15:12:32.110" endtime="20241121 15:12:32.111"/>
</kw>
<kw name="Input Credentials" library="resource">
<arg>kalle</arg>
<arg>wrong</arg>
<kw name="Input" library="AppLibrary">
<arg>${username}</arg>
<status status="PASS" starttime="20241121 15:12:32.112" endtime="20241121 15:12:32.112"/>
</kw>
<kw name="Input" library="AppLibrary">
<arg>${password}</arg>
<status status="PASS" starttime="20241121 15:12:32.112" endtime="20241121 15:12:32.112"/>
</kw>
<kw name="Run Application" library="AppLibrary">
<status status="PASS" starttime="20241121 15:12:32.112" endtime="20241121 15:12:32.112"/>
</kw>
<status status="PASS" starttime="20241121 15:12:32.112" endtime="20241121 15:12:32.112"/>
</kw>
<kw name="Output Should Contain" library="AppLibrary">
<arg>Invalid username or password</arg>
<status status="PASS" starttime="20241121 15:12:32.113" endtime="20241121 15:12:32.113"/>
</kw>
<status status="PASS" starttime="20241121 15:12:32.110" endtime="20241121 15:12:32.113"/>
</test>
<test id="s1-s1-t3" name="Login With Nonexistent Username" line="14">
<kw name="Create User And Input Login Command" type="SETUP">
<kw name="Create User" library="AppLibrary">
<arg>kalle</arg>
<arg>kalle123</arg>
<status status="PASS" starttime="20241121 15:12:32.114" endtime="20241121 15:12:32.115"/>
</kw>
<kw name="Input Login Command" library="resource">
<kw name="Input" library="AppLibrary">
<arg>login</arg>
<status status="PASS" starttime="20241121 15:12:32.115" endtime="20241121 15:12:32.115"/>
</kw>
<status status="PASS" starttime="20241121 15:12:32.115" endtime="20241121 15:12:32.115"/>
</kw>
<status status="PASS" starttime="20241121 15:12:32.114" endtime="20241121 15:12:32.115"/>
</kw>
<kw name="Input Credentials" library="resource">
<arg>ville</arg>
<arg>kalle123</arg>
<kw name="Input" library="AppLibrary">
<arg>${username}</arg>
<status status="PASS" starttime="20241121 15:12:32.116" endtime="20241121 15:12:32.116"/>
</kw>
<kw name="Input" library="AppLibrary">
<arg>${password}</arg>
<status status="PASS" starttime="20241121 15:12:32.116" endtime="20241121 15:12:32.116"/>
</kw>
<kw name="Run Application" library="AppLibrary">
<status status="PASS" starttime="20241121 15:12:32.116" endtime="20241121 15:12:32.116"/>
</kw>
<status status="PASS" starttime="20241121 15:12:32.115" endtime="20241121 15:12:32.116"/>
</kw>
<kw name="Output Should Contain" library="AppLibrary">
<arg>Invalid username or password</arg>
<status status="PASS" starttime="20241121 15:12:32.117" endtime="20241121 15:12:32.117"/>
</kw>
<status status="PASS" starttime="20241121 15:12:32.114" endtime="20241121 15:12:32.117"/>
</test>
<status status="PASS" starttime="20241121 15:12:32.083" endtime="20241121 15:12:32.118"/>
</suite>
<suite id="s1-s2" name="Register" source="C:\kurssit\ohtu\ohtupalautus\osa3\login-robot\src\tests\register.robot">
<test id="s1-s2-t1" name="Register With Valid Username And Password" line="7">
<kw name="Input New Command And Create User" type="SETUP">
<kw name="Input New Command" library="resource">
<kw name="Input" library="AppLibrary">
<arg>new</arg>
<status status="PASS" starttime="20241121 15:12:32.127" endtime="20241121 15:12:32.127"/>
</kw>
<status status="PASS" starttime="20241121 15:12:32.127" endtime="20241121 15:12:32.127"/>
</kw>
<kw name="Create User" library="AppLibrary">
<arg>kalle</arg>
<arg>kalle123</arg>
<status status="PASS" starttime="20241121 15:12:32.127" endtime="20241121 15:12:32.127"/>
</kw>
<status status="PASS" starttime="20241121 15:12:32.127" endtime="20241121 15:12:32.127"/>
</kw>
<kw name="Input Credentials" library="resource">
<arg>uusikalle</arg>
<arg>uusikalle123</arg>
<kw name="Input" library="AppLibrary">
<arg>${username}</arg>
<status status="PASS" starttime="20241121 15:12:32.128" endtime="20241121 15:12:32.128"/>
</kw>
<kw name="Input" library="AppLibrary">
<arg>${password}</arg>
<status status="PASS" starttime="20241121 15:12:32.128" endtime="20241121 15:12:32.128"/>
</kw>
<kw name="Run Application" library="AppLibrary">
<status status="PASS" starttime="20241121 15:12:32.128" endtime="20241121 15:12:32.128"/>
</kw>
<status status="PASS" starttime="20241121 15:12:32.128" endtime="20241121 15:12:32.128"/>
</kw>
<kw name="Output Should Contain" library="AppLibrary">
<arg>New user registered</arg>
<status status="PASS" starttime="20241121 15:12:32.129" endtime="20241121 15:12:32.129"/>
</kw>
<status status="PASS" starttime="20241121 15:12:32.126" endtime="20241121 15:12:32.129"/>
</test>
<test id="s1-s2-t2" name="Register With Already Taken Username And Valid Password" line="11">
<kw name="Input New Command And Create User" type="SETUP">
<kw name="Input New Command" library="resource">
<kw name="Input" library="AppLibrary">
<arg>new</arg>
<status status="PASS" starttime="20241121 15:12:32.131" endtime="20241121 15:12:32.131"/>
</kw>
<status status="PASS" starttime="20241121 15:12:32.131" endtime="20241121 15:12:32.131"/>
</kw>
<kw name="Create User" library="AppLibrary">
<arg>kalle</arg>
<arg>kalle123</arg>
<status status="PASS" starttime="20241121 15:12:32.131" endtime="20241121 15:12:32.131"/>
</kw>
<status status="PASS" starttime="20241121 15:12:32.131" endtime="20241121 15:12:32.131"/>
</kw>
<kw name="Input Credentials" library="resource">
<arg>kalle</arg>
<arg>kalle123</arg>
<kw name="Input" library="AppLibrary">
<arg>${username}</arg>
<status status="PASS" starttime="20241121 15:12:32.132" endtime="20241121 15:12:32.132"/>
</kw>
<kw name="Input" library="AppLibrary">
<arg>${password}</arg>
<status status="PASS" starttime="20241121 15:12:32.133" endtime="20241121 15:12:32.133"/>
</kw>
<kw name="Run Application" library="AppLibrary">
<status status="PASS" starttime="20241121 15:12:32.133" endtime="20241121 15:12:32.134"/>
</kw>
<status status="PASS" starttime="20241121 15:12:32.132" endtime="20241121 15:12:32.134"/>
</kw>
<kw name="Output Should Contain" library="AppLibrary">
<arg>User with username kalle already exists</arg>
<status status="PASS" starttime="20241121 15:12:32.134" endtime="20241121 15:12:32.135"/>
</kw>
<status status="PASS" starttime="20241121 15:12:32.129" endtime="20241121 15:12:32.135"/>
</test>
<test id="s1-s2-t3" name="Register With Too Short Username And Valid Password" line="15">
<kw name="Input New Command And Create User" type="SETUP">
<kw name="Input New Command" library="resource">
<kw name="Input" library="AppLibrary">
<arg>new</arg>
<status status="PASS" starttime="20241121 15:12:32.141" endtime="20241121 15:12:32.142"/>
</kw>
<status status="PASS" starttime="20241121 15:12:32.138" endtime="20241121 15:12:32.142"/>
</kw>
<kw name="Create User" library="AppLibrary">
<arg>kalle</arg>
<arg>kalle123</arg>
<status status="PASS" starttime="20241121 15:12:32.142" endtime="20241121 15:12:32.142"/>
</kw>
<status status="PASS" starttime="20241121 15:12:32.137" endtime="20241121 15:12:32.142"/>
</kw>
<kw name="Input Credentials" library="resource">
<arg>iy</arg>
<arg>jeps5839</arg>
<kw name="Input" library="AppLibrary">
<arg>${username}</arg>
<status status="PASS" starttime="20241121 15:12:32.143" endtime="20241121 15:12:32.143"/>
</kw>
<kw name="Input" library="AppLibrary">
<arg>${password}</arg>
<status status="PASS" starttime="20241121 15:12:32.143" endtime="20241121 15:12:32.143"/>
</kw>
<kw name="Run Application" library="AppLibrary">
<status status="PASS" starttime="20241121 15:12:32.144" endtime="20241121 15:12:32.144"/>
</kw>
<status status="PASS" starttime="20241121 15:12:32.143" endtime="20241121 15:12:32.144"/>
</kw>
<kw name="Output Should Contain" library="AppLibrary">
<arg>Username should be at least three characters between a-z</arg>
<status status="PASS" starttime="20241121 15:12:32.145" endtime="20241121 15:12:32.145"/>
</kw>
<status status="PASS" starttime="20241121 15:12:32.137" endtime="20241121 15:12:32.145"/>
</test>
<test id="s1-s2-t4" name="Register With Enough Long But Invalid Username And Valid Password" line="19">
<kw name="Input New Command And Create User" type="SETUP">
<kw name="Input New Command" library="resource">
<kw name="Input" library="AppLibrary">
<arg>new</arg>
<status status="PASS" starttime="20241121 15:12:32.147" endtime="20241121 15:12:32.147"/>
</kw>
<status status="PASS" starttime="20241121 15:12:32.147" endtime="20241121 15:12:32.147"/>
</kw>
<kw name="Create User" library="AppLibrary">
<arg>kalle</arg>
<arg>kalle123</arg>
<status status="PASS" starttime="20241121 15:12:32.147" endtime="20241121 15:12:32.147"/>
</kw>
<status status="PASS" starttime="20241121 15:12:32.147" endtime="20241121 15:12:32.147"/>
</kw>
<kw name="Input Credentials" library="resource">
<arg>joe89</arg>
<arg>okok1212</arg>
<kw name="Input" library="AppLibrary">
<arg>${username}</arg>
<status status="PASS" starttime="20241121 15:12:32.149" endtime="20241121 15:12:32.149"/>
</kw>
<kw name="Input" library="AppLibrary">
<arg>${password}</arg>
<status status="PASS" starttime="20241121 15:12:32.149" endtime="20241121 15:12:32.149"/>
</kw>
<kw name="Run Application" library="AppLibrary">
<status status="PASS" starttime="20241121 15:12:32.149" endtime="20241121 15:12:32.149"/>
</kw>
<status status="PASS" starttime="20241121 15:12:32.149" endtime="20241121 15:12:32.149"/>
</kw>
<kw name="Output Should Contain" library="AppLibrary">
<arg>Username should be at least three characters between a-z</arg>
<status status="PASS" starttime="20241121 15:12:32.149" endtime="20241121 15:12:32.150"/>
</kw>
<status status="PASS" starttime="20241121 15:12:32.146" endtime="20241121 15:12:32.150"/>
</test>
<test id="s1-s2-t5" name="Register With Valid Username And Too Short Password" line="23">
<kw name="Input New Command And Create User" type="SETUP">
<kw name="Input New Command" library="resource">
<kw name="Input" library="AppLibrary">
<arg>new</arg>
<status status="PASS" starttime="20241121 15:12:32.155" endtime="20241121 15:12:32.156"/>
</kw>
<status status="PASS" starttime="20241121 15:12:32.154" endtime="20241121 15:12:32.156"/>
</kw>
<kw name="Create User" library="AppLibrary">
<arg>kalle</arg>
<arg>kalle123</arg>
<status status="PASS" starttime="20241121 15:12:32.158" endtime="20241121 15:12:32.158"/>
</kw>
<status status="PASS" starttime="20241121 15:12:32.153" endtime="20241121 15:12:32.159"/>
</kw>
<kw name="Input Credentials" library="resource">
<arg>hyvakalle</arg>
<arg>ok</arg>
<kw name="Input" library="AppLibrary">
<arg>${username}</arg>
<status status="PASS" starttime="20241121 15:12:32.160" endtime="20241121 15:12:32.160"/>
</kw>
<kw name="Input" library="AppLibrary">
<arg>${password}</arg>
<status status="PASS" starttime="20241121 15:12:32.161" endtime="20241121 15:12:32.161"/>
</kw>
<kw name="Run Application" library="AppLibrary">
<status status="PASS" starttime="20241121 15:12:32.161" endtime="20241121 15:12:32.162"/>
</kw>
<status status="PASS" starttime="20241121 15:12:32.159" endtime="20241121 15:12:32.162"/>
</kw>
<kw name="Output Should Contain" library="AppLibrary">
<arg>Password should be at least 8 characters and not only letters between a-z</arg>
<status status="PASS" starttime="20241121 15:12:32.162" endtime="20241121 15:12:32.163"/>
</kw>
<status status="PASS" starttime="20241121 15:12:32.152" endtime="20241121 15:12:32.163"/>
</test>
<test id="s1-s2-t6" name="Register With Valid Username And Long Enough Password Containing Only Letters" line="27">
<kw name="Input New Command And Create User" type="SETUP">
<kw name="Input New Command" library="resource">
<kw name="Input" library="AppLibrary">
<arg>new</arg>
<status status="PASS" starttime="20241121 15:12:32.165" endtime="20241121 15:12:32.165"/>
</kw>
<status status="PASS" starttime="20241121 15:12:32.165" endtime="20241121 15:12:32.165"/>
</kw>
<kw name="Create User" library="AppLibrary">
<arg>kalle</arg>
<arg>kalle123</arg>
<status status="PASS" starttime="20241121 15:12:32.165" endtime="20241121 15:12:32.165"/>
</kw>
<status status="PASS" starttime="20241121 15:12:32.165" endtime="20241121 15:12:32.165"/>
</kw>
<kw name="Input Credentials" library="resource">
<arg>hyvakalle</arg>
<arg>onlyletters</arg>
<kw name="Input" library="AppLibrary">
<arg>${username}</arg>
<status status="PASS" starttime="20241121 15:12:32.166" endtime="20241121 15:12:32.166"/>
</kw>
<kw name="Input" library="AppLibrary">
<arg>${password}</arg>
<status status="PASS" starttime="20241121 15:12:32.166" endtime="20241121 15:12:32.166"/>
</kw>
<kw name="Run Application" library="AppLibrary">
<status status="PASS" starttime="20241121 15:12:32.166" endtime="20241121 15:12:32.166"/>
</kw>
<status status="PASS" starttime="20241121 15:12:32.166" endtime="20241121 15:12:32.166"/>
</kw>
<kw name="Output Should Contain" library="AppLibrary">
<arg>Password should be at least 8 characters and not only letters between a-z</arg>
<status status="PASS" starttime="20241121 15:12:32.167" endtime="20241121 15:12:32.167"/>
</kw>
<status status="PASS" starttime="20241121 15:12:32.164" endtime="20241121 15:12:32.167"/>
</test>
<status status="PASS" starttime="20241121 15:12:32.120" endtime="20241121 15:12:32.168"/>
</suite>
<status status="PASS" starttime="20241121 15:12:32.053" endtime="20241121 15:12:32.170"/>
</suite>
<statistics>
<total>
<stat pass="9" fail="0" skip="0">All Tests</stat>
</total>
<tag>
</tag>
<suite>
<stat pass="9" fail="0" skip="0" id="s1" name="Tests">Tests</stat>
<stat pass="3" fail="0" skip="0" id="s1-s1" name="Login">Tests.Login</stat>
<stat pass="6" fail="0" skip="0" id="s1-s2" name="Register">Tests.Register</stat>
</suite>
</statistics>
<errors>
</errors>
</robot>
