<?xml version="1.0" encoding="UTF-8"?>
<robot generator="Robot 6.1.1 (Python 3.11.9 on win32)" generated="20241121 15:41:26.586" rpa="false" schemaversion="4">
<suite id="s1" name="Login" source="C:\kurssit\ohtu\ohtupalautus\osa3\login-robot\src\tests\login.robot">
<test id="s1-t1" name="Login With Correct Credentials" line="6">
<kw name="Create User And Input Login Command" type="SETUP">
<kw name="Create User" library="AppLibrary">
<arg>kalle</arg>
<arg>kalle123</arg>
<status status="PASS" starttime="20241121 15:41:26.649" endtime="20241121 15:41:26.649"/>
</kw>
<kw name="Input Login Command" library="resource">
<kw name="Input" library="AppLibrary">
<arg>login</arg>
<status status="PASS" starttime="20241121 15:41:26.651" endtime="20241121 15:41:26.651"/>
</kw>
<status status="PASS" starttime="20241121 15:41:26.649" endtime="20241121 15:41:26.652"/>
</kw>
<status status="PASS" starttime="20241121 15:41:26.648" endtime="20241121 15:41:26.652"/>
</kw>
<kw name="Input Credentials" library="resource">
<arg>kalle</arg>
<arg>kalle123</arg>
<kw name="Input" library="AppLibrary">
<arg>${username}</arg>
<status status="PASS" starttime="20241121 15:41:26.653" endtime="20241121 15:41:26.654"/>
</kw>
<kw name="Input" library="AppLibrary">
<arg>${password}</arg>
<status status="PASS" starttime="20241121 15:41:26.654" endtime="20241121 15:41:26.654"/>
</kw>
<kw name="Run Application" library="AppLibrary">
<status status="PASS" starttime="20241121 15:41:26.654" endtime="20241121 15:47:15.034"/>
</kw>
<status status="PASS" starttime="20241121 15:41:26.652" endtime="20241121 15:47:15.034"/>
</kw>
<kw name="Output Should Contain" library="AppLibrary">
<arg>Logged in</arg>
<msg timestamp="20241121 15:47:15.036" level="FAIL">Output "Logged in" is not in ['']</msg>
<status status="FAIL" starttime="20241121 15:47:15.035" endtime="20241121 15:47:15.037"/>
</kw>
<status status="FAIL" starttime="20241121 15:41:26.648" endtime="20241121 15:47:15.038">Output "Logged in" is not in ['']</status>
</test>
<status status="FAIL" starttime="20241121 15:41:26.588" endtime="20241121 15:47:15.040"/>
</suite>
<statistics>
<total>
<stat pass="0" fail="1" skip="0">All Tests</stat>
</total>
<tag>
</tag>
<suite>
<stat pass="0" fail="1" skip="0" id="s1" name="Login">Login</stat>
</suite>
</statistics>
<errors>
</errors>
</robot>
